#
# A fatal error has been detected by the Java Runtime Environment:
#
#  SIGSEGV (0xb) at pc=0x00007f5a78cbc5a3, pid=10383, tid=0x00007f5a63739700
#
# JRE version: Java(TM) SE Runtime Environment (8.0_101-b13) (build 1.8.0_101-b13)
# Java VM: Java HotSpot(TM) 64-Bit Server VM (25.101-b13 mixed mode linux-amd64 compressed oops)
# Problematic frame:
# V  [libjvm.so+0x98c5a3]  oopDesc* PSPromotionManager::copy_to_survivor_space<false>(oopDesc*)+0x143
#
# Failed to write core dump. Core dumps have been disabled. To enable core dumping, try "ulimit -c unlimited" before starting Java again
#
# If you would like to submit a bug report, please visit:
#   http://bugreport.java.com/bugreport/crash.jsp
#

---------------  T H R E A D  ---------------

Current thread (0x00007f5a74024000):  GCTaskThread [stack: 0x00007f5a63639000,0x00007f5a6373a000] [id=10387]

siginfo: si_signo: 11 (SIGSEGV), si_code: 1 (SEGV_MAPERR), si_addr: 0x0000000000000008

Registers:
RAX=0x00007f5a792bdb90, RBX=0x0000000709cb6920, RCX=0x0000000000000003, RDX=0x0000000000000001
RSP=0x00007f5a637388a0, RBP=0x00007f5a63738910, RSI=0x0000000792821018, RDI=0x0000000000000000
R8 =0x0000000709cb6e08, R9 =0x00007f5a792f1290, R10=0x00007f5a792e2059, R11=0x0000000709cb69f0
R12=0x0000000792821018, R13=0x0000000000000000, R14=0x0000000000000000, R15=0x00007f5a740782e8
RIP=0x00007f5a78cbc5a3, EFLAGS=0x0000000000010246, CSGSFS=0x002b000000000033, ERR=0x0000000000000004
  TRAPNO=0x000000000000000e

Top of Stack: (sp=0x00007f5a637388a0)
0x00007f5a637388a0:   0000000792ab9345 00007f5a792e2059
0x00007f5a637388b0:   00007f5a740782a8 00007f5a74078280
0x00007f5a637388c0:   0000000709cb50d0 0000000000000400
0x00007f5a637388d0:   000000079209ca0a 0000000000001000
0x00007f5a637388e0:   0000000792aa6d1d 0000000709cb6920
0x00007f5a637388f0:   00007f5a74078280 00007f5a792bdb80
0x00007f5a63738900:   0000000000000000 00007f5a740782e8
0x00007f5a63738910:   00007f5a63738a00 00007f5a78cbbe70
0x00007f5a63738920:   00007f5a63738980 00007f5a63738990
0x00007f5a63738930:   00007f5a637389a0 00007f5a63738960
0x00007f5a63738940:   00007f5a63738970 00007f5a637389c0
0x00007f5a63738950:   0000000792aacdc5 00007f5a74078318
0x00007f5a63738960:   0000000708634fb0 00007f5a74078280
0x00007f5a63738970:   00007f5a7401add0 00007f5a63c12201
0x00007f5a63738980:   00007f5a63738a00 00007f5a7898904f
0x00007f5a63738990:   00000007c0005d28 00007f5a792f1290
0x00007f5a637389a0:   00007f5a63738a00 00007f5a7897eac0
0x00007f5a637389b0:   00000007085fad3d 00007f5a792f1290
0x00007f5a637389c0:   0000000709cb6921 00007f5a740782e0
0x00007f5a637389d0:   0000000000000000 0000000708635018
0x00007f5a637389e0:   0000000708635000 00007f5a63c121a8
0x00007f5a637389f0:   00007f5a7401add0 00007f5a63c12201
0x00007f5a63738a00:   00007f5a63738ac0 00007f5a7872f13e
0x00007f5a63738a10:   00007f5a74021df0 00007f5a63c12200
0x00007f5a63738a20:   00007f5a63c12181 00007f5a792e2059
0x00007f5a63738a30:   00007f5a74078280 0000000709871788
0x00007f5a63738a40:   00007f5a7401ab10 00007f5a63c1b38c
0x00007f5a63738a50:   0000000708634800 0000000000000200
0x00007f5a63738a60:   0000000708640030 00007f5a63c121a5
0x00007f5a63738a70:   0000000000000240 00007f5a63c12200
0x00007f5a63738a80:   00007f5a63c12380 00007f5a63c121a8
0x00007f5a63738a90:   00007f5a63c121a5 00007f5a7402a060 

Instructions: (pc=0x00007f5a78cbc5a3)
0x00007f5a78cbc583:   83 e0 07 48 83 f8 05 75 d3 31 db eb d6 48 8b 05
0x00007f5a78cbc593:   f1 24 5e 00 8b 7e 08 8b 48 08 48 d3 e7 48 03 38
0x00007f5a78cbc5a3:   8b 77 08 83 fe 00 0f 8f 0a ff ff ff 0f 85 4b 02
0x00007f5a78cbc5b3:   00 00 0f 1f 00 48 8b 07 4c 89 e6 4c 89 55 98 ff 

Register to memory mapping:

RAX=0x00007f5a792bdb90: <offset 0xf8db90> in /usr/java/jdk1.8.0_101/jre/lib/amd64/server/libjvm.so at 0x00007f5a78330000
RBX=0x0000000709cb6920 is pointing into object: 0x0000000709cb6900
[Ljava.lang.reflect.Field; 
 - klass: 'java/lang/reflect/Field'[]
 - length: 11
RCX=0x0000000000000003 is an unknown value
RDX=0x0000000000000001 is an unknown value
RSP=0x00007f5a637388a0 is an unknown value
RBP=0x00007f5a63738910 is an unknown value
RSI=0x0000000792821018 is an unknown value
RDI=0x0000000000000000 is an unknown value
R8 =0x0000000709cb6e08 is an oop
[C 
 - klass: {type array char}
 - length: 25
R9 =0x00007f5a792f1290: <offset 0xfc1290> in /usr/java/jdk1.8.0_101/jre/lib/amd64/server/libjvm.so at 0x00007f5a78330000
R10=0x00007f5a792e2059: <offset 0xfb2059> in /usr/java/jdk1.8.0_101/jre/lib/amd64/server/libjvm.so at 0x00007f5a78330000
R11=0x0000000709cb69f0 is an oop
[C 
 - klass: {type array char}
 - length: 97
R12=0x0000000792821018 is an unknown value
R13=0x0000000000000000 is an unknown value
R14=0x0000000000000000 is an unknown value
R15=0x00007f5a740782e8 is an unknown value


Stack: [0x00007f5a63639000,0x00007f5a6373a000],  sp=0x00007f5a637388a0,  free space=1022k
Native frames: (J=compiled Java code, j=interpreted, Vv=VM code, C=native code)
V  [libjvm.so+0x98c5a3]  oopDesc* PSPromotionManager::copy_to_survivor_space<false>(oopDesc*)+0x143
V  [libjvm.so+0x98be70]  PSPromotionManager::drain_stacks_depth(bool)+0x830
V  [libjvm.so+0x3ff13e]  CardTableExtension::scavenge_contents_parallel(ObjectStartArray*, MutableSpace*, HeapWord*, PSPromotionManager*, unsigned int, unsigned int)+0xafe
V  [libjvm.so+0x98f6eb]  OldToYoungRootsTask::do_it(GCTaskManager*, unsigned int)+0x4b
V  [libjvm.so+0x5d6b5f]  GCTaskThread::run()+0x12f
V  [libjvm.so+0x924698]  java_start(Thread*)+0x108


---------------  P R O C E S S  ---------------

Java Threads: ( => current thread )
  0x00000000015e5000 JavaThread "HikariPool-1 connection closer" daemon [_thread_blocked, id=9949, stack(0x00007f5a34938000,0x00007f5a34a39000)]
  0x00007f5a10003800 JavaThread "Thread-10" [_thread_blocked, id=9948, stack(0x00007f59df9fe000,0x00007f59dfaff000)]
  0x00007f5a30001000 JavaThread "SIGINT handler" daemon [_thread_blocked, id=9946, stack(0x00007f5a4e5df000,0x00007f5a4e6e0000)]
  0x00007f59e4002800 JavaThread "http-nio-8000-exec-2" daemon [_thread_blocked, id=18244, stack(0x00007f5a3503b000,0x00007f5a3513c000)]
  0x00007f59e4001800 JavaThread "http-nio-8000-exec-1" daemon [_thread_blocked, id=18216, stack(0x00007f5a4c01e000,0x00007f5a4c11f000)]
  0x00007f5a74576800 JavaThread "DestroyJavaVM" [_thread_blocked, id=10385, stack(0x00007f5a79e09000,0x00007f5a79f0a000)]
  0x00007f5a15428800 JavaThread "http-nio-8000-AsyncTimeout" daemon [_thread_blocked, id=14419, stack(0x00007f59dfeff000,0x00007f59e0000000)]
  0x00007f5a15427000 JavaThread "http-nio-8000-Acceptor-0" daemon [_thread_in_native, id=14418, stack(0x00007f5a34033000,0x00007f5a34134000)]
  0x00007f5a15424800 JavaThread "http-nio-8000-ClientPoller-1" daemon [_thread_in_native, id=14417, stack(0x00007f5a34134000,0x00007f5a34235000)]
  0x00007f5a15415800 JavaThread "http-nio-8000-ClientPoller-0" daemon [_thread_in_native, id=14416, stack(0x00007f5a34235000,0x00007f5a34336000)]
  0x00007f5a15406800 JavaThread "NioBlockingSelector.BlockPoller-1" daemon [_thread_in_native, id=14415, stack(0x00007f5a34336000,0x00007f5a34437000)]
  0x00007f5a153d8000 JavaThread "Live Reload Server" daemon [_thread_in_native, id=14414, stack(0x00007f5a34437000,0x00007f5a34538000)]
  0x00007f5a150cb800 JavaThread "container-0" [_thread_blocked, id=13489, stack(0x00007f5a34e39000,0x00007f5a34f3a000)]
  0x00007f5a150c9800 JavaThread "ContainerBackgroundProcessor[StandardEngine[Tomcat]]" daemon [_thread_blocked, id=13488, stack(0x00007f5a34f3a000,0x00007f5a3503b000)]
  0x00007f5a14ae5000 JavaThread "HikariPool-1 housekeeper" daemon [_thread_blocked, id=12567, stack(0x00007f5a4ca22000,0x00007f5a4cb23000)]
  0x00007f5a14ab1800 JavaThread "Abandoned connection cleanup thread" daemon [_thread_blocked, id=12287, stack(0x00007f5a4ddd4000,0x00007f5a4ded5000)]
  0x00007f5a744ad800 JavaThread "Monitor Ctrl-Break" daemon [_thread_in_native, id=10508, stack(0x00007f5a4e928000,0x00007f5a4ea29000)]
  0x00007f5a740dd800 JavaThread "Service Thread" daemon [_thread_blocked, id=10397, stack(0x00007f5a4eff0000,0x00007f5a4f0f1000)]
  0x00007f5a740c0800 JavaThread "C1 CompilerThread2" daemon [_thread_blocked, id=10396, stack(0x00007f5a4f0f1000,0x00007f5a4f1f2000)]
  0x00007f5a740be800 JavaThread "C2 CompilerThread1" daemon [_thread_blocked, id=10395, stack(0x00007f5a4f1f2000,0x00007f5a4f2f3000)]
  0x00007f5a740bb800 JavaThread "C2 CompilerThread0" daemon [_thread_blocked, id=10394, stack(0x00007f5a4f2f3000,0x00007f5a4f3f4000)]
  0x00007f5a740ba000 JavaThread "Signal Dispatcher" daemon [_thread_blocked, id=10393, stack(0x00007f5a4f3f4000,0x00007f5a4f4f5000)]
  0x00007f5a74087000 JavaThread "Finalizer" daemon [_thread_blocked, id=10392, stack(0x00007f5a4f4f5000,0x00007f5a4f5f6000)]
  0x00007f5a74082800 JavaThread "Reference Handler" daemon [_thread_blocked, id=10391, stack(0x00007f5a4f5f6000,0x00007f5a4f6f7000)]

Other Threads:
  0x00007f5a7407b000 VMThread [stack: 0x00007f5a4f6f7000,0x00007f5a4f7f8000] [id=10390]
  0x00007f5a740e1000 WatcherThread [stack: 0x00007f5a4eeef000,0x00007f5a4eff0000] [id=10398]

=>0x00007f5a74024000 (exited) GCTaskThread [stack: 0x00007f5a63639000,0x00007f5a6373a000] [id=10387]

VM state:at safepoint (normal execution)

VM Mutex/Monitor currently owned by a thread:  ([mutex/lock_event])
[0x00007f5a7400a790] Threads_lock - owner thread: 0x00007f5a7407b000
[0x00007f5a7400ac90] Heap_lock - owner thread: 0x00000000015e5000

Heap:
 PSYoungGen      total 245760K, used 245732K [0x0000000782b80000, 0x0000000793400000, 0x00000007c0000000)
  eden space 228352K, 100% used [0x0000000782b80000,0x0000000790a80000,0x0000000790a80000)
  from space 17408K, 99% used [0x0000000791e00000,0x0000000792ef93f0,0x0000000792f00000)
  to   space 19968K, 23% used [0x0000000790a80000,0x0000000790f04020,0x0000000791e00000)
 ParOldGen       total 131584K, used 29412K [0x0000000708200000, 0x0000000710280000, 0x0000000782b80000)
  object space 131584K, 22% used [0x0000000708200000,0x0000000709ebb0d0,0x0000000710280000)
 Metaspace       used 58288K, capacity 58936K, committed 59136K, reserved 1101824K
  class space    used 7419K, capacity 7585K, committed 7680K, reserved 1048576K

Card table byte_map: [0x00007f5a63c10000,0x00007f5a641d0000] byte_map_base: 0x00007f5a603cf000

Marking Bits: (ParMarkBitMap*) 0x00007f5a792f1120
 Begin Bits: [0x00007f5a5d847000, 0x00007f5a6063f000)
 End Bits:   [0x00007f5a6063f000, 0x00007f5a63437000)

Polling page: 0x00007f5a79f3a000

CodeCache: size=245760Kb used=17667Kb max_used=18084Kb free=228092Kb
 bounds [0x00007f5a64590000, 0x00007f5a65780000, 0x00007f5a73590000]
 total_blobs=5767 nmethods=4971 adapters=709
 compilation: enabled

Compilation events (10 events):
Event: 414.539 Thread 0x00007f5a740c0800 5965       1       java.text.DontCareFieldPosition::getFieldDelegate (5 bytes)
Event: 414.539 Thread 0x00007f5a740c0800 nmethod 5965 0x00007f5a651f7550 code [0x00007f5a651f76a0, 0x00007f5a651f77b0]
Event: 414.539 Thread 0x00007f5a740c0800 5971   !   3       java.util.concurrent.ConcurrentHashMap::clear (176 bytes)
Event: 414.540 Thread 0x00007f5a740be800 nmethod 5960 0x00007f5a64b5c7d0 code [0x00007f5a64b5c960, 0x00007f5a64b5ce48]
Event: 414.540 Thread 0x00007f5a740be800 5972       4       java.util.HashMap::remove (26 bytes)
Event: 414.540 Thread 0x00007f5a740c0800 nmethod 5971 0x00007f5a64994810 code [0x00007f5a64994a00, 0x00007f5a649956d8]
Event: 414.540 Thread 0x00007f5a740c0800 5973       3       java.util.concurrent.ConcurrentHashMap$Traverser::advance (188 bytes)
Event: 414.541 Thread 0x00007f5a740c0800 nmethod 5973 0x00007f5a6475cb50 code [0x00007f5a6475cd40, 0x00007f5a6475d8f8]
Event: 414.542 Thread 0x00007f5a740be800 nmethod 5972 0x00007f5a64a416d0 code [0x00007f5a64a41820, 0x00007f5a64a41948]
Event: 414.542 Thread 0x00007f5a740be800 5974       4       java.util.HashSet::remove (20 bytes)

GC Heap History (10 events):
Event: 8.522 GC heap after
Heap after GC invocations=10 (full 1):
 PSYoungGen      total 141312K, used 9621K [0x0000000782b80000, 0x000000078ff00000, 0x00000007c0000000)
  eden space 126976K, 0% used [0x0000000782b80000,0x0000000782b80000,0x000000078a780000)
  from space 14336K, 67% used [0x000000078a780000,0x000000078b0e5790,0x000000078b580000)
  to   space 14848K, 0% used [0x000000078f080000,0x000000078f080000,0x000000078ff00000)
 ParOldGen       total 82432K, used 12059K [0x0000000708200000, 0x000000070d280000, 0x0000000782b80000)
  object space 82432K, 14% used [0x0000000708200000,0x0000000708dc6e38,0x000000070d280000)
 Metaspace       used 27012K, capacity 27372K, committed 27648K, reserved 1073152K
  class space    used 3374K, capacity 3487K, committed 3584K, reserved 1048576K
}
Event: 10.705 GC heap before
{Heap before GC invocations=11 (full 1):
 PSYoungGen      total 141312K, used 128471K [0x0000000782b80000, 0x000000078ff00000, 0x00000007c0000000)
  eden space 126976K, 93% used [0x0000000782b80000,0x0000000789f904f0,0x000000078a780000)
  from space 14336K, 67% used [0x000000078a780000,0x000000078b0e5790,0x000000078b580000)
  to   space 14848K, 0% used [0x000000078f080000,0x000000078f080000,0x000000078ff00000)
 ParOldGen       total 82432K, used 12059K [0x0000000708200000, 0x000000070d280000, 0x0000000782b80000)
  object space 82432K, 14% used [0x0000000708200000,0x0000000708dc6e38,0x000000070d280000)
 Metaspace       used 34884K, capacity 35244K, committed 35496K, reserved 1081344K
  class space    used 4426K, capacity 4567K, committed 4608K, reserved 1048576K
Event: 10.723 GC heap after
Heap after GC invocations=11 (full 1):
 PSYoungGen      total 199680K, used 11452K [0x0000000782b80000, 0x000000078ff00000, 0x00000007c0000000)
  eden space 184832K, 0% used [0x0000000782b80000,0x0000000782b80000,0x000000078e000000)
  from space 14848K, 77% used [0x000000078f080000,0x000000078fbaf208,0x000000078ff00000)
  to   space 15872K, 0% used [0x000000078e000000,0x000000078e000000,0x000000078ef80000)
 ParOldGen       total 82432K, used 13277K [0x0000000708200000, 0x000000070d280000, 0x0000000782b80000)
  object space 82432K, 16% used [0x0000000708200000,0x0000000708ef76d8,0x000000070d280000)
 Metaspace       used 34884K, capacity 35244K, committed 35496K, reserved 1081344K
  class space    used 4426K, capacity 4567K, committed 4608K, reserved 1048576K
}
Event: 10.723 GC heap before
{Heap before GC invocations=12 (full 2):
 PSYoungGen      total 199680K, used 11452K [0x0000000782b80000, 0x000000078ff00000, 0x00000007c0000000)
  eden space 184832K, 0% used [0x0000000782b80000,0x0000000782b80000,0x000000078e000000)
  from space 14848K, 77% used [0x000000078f080000,0x000000078fbaf208,0x000000078ff00000)
  to   space 15872K, 0% used [0x000000078e000000,0x000000078e000000,0x000000078ef80000)
 ParOldGen       total 82432K, used 13277K [0x0000000708200000, 0x000000070d280000, 0x0000000782b80000)
  object space 82432K, 16% used [0x0000000708200000,0x0000000708ef76d8,0x000000070d280000)
 Metaspace       used 34884K, capacity 35244K, committed 35496K, reserved 1081344K
  class space    used 4426K, capacity 4567K, committed 4608K, reserved 1048576K
Event: 10.919 GC heap after
Heap after GC invocations=12 (full 2):
 PSYoungGen      total 199680K, used 0K [0x0000000782b80000, 0x000000078ff00000, 0x00000007c0000000)
  eden space 184832K, 0% used [0x0000000782b80000,0x0000000782b80000,0x000000078e000000)
  from space 14848K, 0% used [0x000000078f080000,0x000000078f080000,0x000000078ff00000)
  to   space 15872K, 0% used [0x000000078e000000,0x000000078e000000,0x000000078ef80000)
 ParOldGen       total 131584K, used 22732K [0x0000000708200000, 0x0000000710280000, 0x0000000782b80000)
  object space 131584K, 17% used [0x0000000708200000,0x0000000709833248,0x0000000710280000)
 Metaspace       used 34884K, capacity 35244K, committed 35496K, reserved 1081344K
  class space    used 4426K, capacity 4567K, committed 4608K, reserved 1048576K
}
Event: 13.954 GC heap before
{Heap before GC invocations=13 (full 2):
 PSYoungGen      total 199680K, used 184832K [0x0000000782b80000, 0x000000078ff00000, 0x00000007c0000000)
  eden space 184832K, 100% used [0x0000000782b80000,0x000000078e000000,0x000000078e000000)
  from space 14848K, 0% used [0x000000078f080000,0x000000078f080000,0x000000078ff00000)
  to   space 15872K, 0% used [0x000000078e000000,0x000000078e000000,0x000000078ef80000)
 ParOldGen       total 131584K, used 22732K [0x0000000708200000, 0x0000000710280000, 0x0000000782b80000)
  object space 131584K, 17% used [0x0000000708200000,0x0000000709833248,0x0000000710280000)
 Metaspace       used 45514K, capacity 46006K, committed 46208K, reserved 1089536K
  class space    used 5860K, capacity 6014K, committed 6016K, reserved 1048576K
Event: 13.972 GC heap after
Heap after GC invocations=13 (full 2):
 PSYoungGen      total 200704K, used 13842K [0x0000000782b80000, 0x0000000792f00000, 0x00000007c0000000)
  eden space 184832K, 0% used [0x0000000782b80000,0x0000000782b80000,0x000000078e000000)
  from space 15872K, 87% used [0x000000078e000000,0x000000078ed84b48,0x000000078ef80000)
  to   space 17408K, 0% used [0x0000000791e00000,0x0000000791e00000,0x0000000792f00000)
 ParOldGen       total 131584K, used 22740K [0x0000000708200000, 0x0000000710280000, 0x0000000782b80000)
  object space 131584K, 17% used [0x0000000708200000,0x0000000709835248,0x0000000710280000)
 Metaspace       used 45514K, capacity 46006K, committed 46208K, reserved 1089536K
  class space    used 5860K, capacity 6014K, committed 6016K, reserved 1048576K
}
Event: 16.413 GC heap before
{Heap before GC invocations=14 (full 2):
 PSYoungGen      total 200704K, used 198674K [0x0000000782b80000, 0x0000000792f00000, 0x00000007c0000000)
  eden space 184832K, 100% used [0x0000000782b80000,0x000000078e000000,0x000000078e000000)
  from space 15872K, 87% used [0x000000078e000000,0x000000078ed84b48,0x000000078ef80000)
  to   space 17408K, 0% used [0x0000000791e00000,0x0000000791e00000,0x0000000792f00000)
 ParOldGen       total 131584K, used 22740K [0x0000000708200000, 0x0000000710280000, 0x0000000782b80000)
  object space 131584K, 17% used [0x0000000708200000,0x0000000709835248,0x0000000710280000)
 Metaspace       used 51596K, capacity 52032K, committed 52352K, reserved 1095680K
  class space    used 6646K, capacity 6769K, committed 6784K, reserved 1048576K
Event: 16.450 GC heap after
Heap after GC invocations=14 (full 2):
 PSYoungGen      total 245760K, used 17380K [0x0000000782b80000, 0x0000000793400000, 0x00000007c0000000)
  eden space 228352K, 0% used [0x0000000782b80000,0x0000000782b80000,0x0000000790a80000)
  from space 17408K, 99% used [0x0000000791e00000,0x0000000792ef93f0,0x0000000792f00000)
  to   space 19968K, 0% used [0x0000000790a80000,0x0000000790a80000,0x0000000791e00000)
 ParOldGen       total 131584K, used 22981K [0x0000000708200000, 0x0000000710280000, 0x0000000782b80000)
  object space 131584K, 17% used [0x0000000708200000,0x0000000709871788,0x0000000710280000)
 Metaspace       used 51596K, capacity 52032K, committed 52352K, reserved 1095680K
  class space    used 6646K, capacity 6769K, committed 6784K, reserved 1048576K
}
Event: 414.544 GC heap before
{Heap before GC invocations=15 (full 2):
 PSYoungGen      total 245760K, used 245732K [0x0000000782b80000, 0x0000000793400000, 0x00000007c0000000)
  eden space 228352K, 100% used [0x0000000782b80000,0x0000000790a80000,0x0000000790a80000)
  from space 17408K, 99% used [0x0000000791e00000,0x0000000792ef93f0,0x0000000792f00000)
  to   space 19968K, 0% used [0x0000000790a80000,0x0000000790a80000,0x0000000791e00000)
 ParOldGen       total 131584K, used 22981K [0x0000000708200000, 0x0000000710280000, 0x0000000782b80000)
  object space 131584K, 17% used [0x0000000708200000,0x0000000709871788,0x0000000710280000)
 Metaspace       used 58288K, capacity 58936K, committed 59136K, reserved 1101824K
  class space    used 7419K, capacity 7585K, committed 7680K, reserved 1048576K

Deoptimization events (10 events):
Event: 36.119 Thread 0x00007f59e4001800 Uncommon trap: reason=bimorphic action=maybe_recompile pc=0x00007f5a65270310 method=java.util.AbstractList$Itr.next()Ljava/lang/Object; @ 14
Event: 36.119 Thread 0x00007f59e4001800 Uncommon trap: reason=bimorphic action=maybe_recompile pc=0x00007f5a65270310 method=java.util.AbstractList$Itr.next()Ljava/lang/Object; @ 14
Event: 36.119 Thread 0x00007f59e4001800 Uncommon trap: reason=bimorphic action=maybe_recompile pc=0x00007f5a65270310 method=java.util.AbstractList$Itr.next()Ljava/lang/Object; @ 14
Event: 36.256 Thread 0x00007f59e4001800 Uncommon trap: reason=class_check action=maybe_recompile pc=0x00007f5a65200fac method=java.util.HashMap.removeNode(ILjava/lang/Object;Ljava/lang/Object;ZZ)Ljava/util/HashMap$Node; @ 143
Event: 36.256 Thread 0x00007f59e4001800 Uncommon trap: reason=bimorphic action=maybe_recompile pc=0x00007f5a65200f68 method=java.util.HashMap.removeNode(ILjava/lang/Object;Ljava/lang/Object;ZZ)Ljava/util/HashMap$Node; @ 68
Event: 36.273 Thread 0x00007f59e4001800 Uncommon trap: reason=unstable_if action=reinterpret pc=0x00007f5a64816f1c method=java.lang.String.indexOf([CII[CIII)I @ 27
Event: 44.332 Thread 0x00007f5a150c9800 Uncommon trap: reason=bimorphic action=maybe_recompile pc=0x00007f5a6501f0bc method=java.util.AbstractCollection.addAll(Ljava/util/Collection;)Z @ 29
Event: 74.332 Thread 0x00007f5a150c9800 Uncommon trap: reason=bimorphic action=maybe_recompile pc=0x00007f5a6501f0bc method=java.util.AbstractCollection.addAll(Ljava/util/Collection;)Z @ 29
Event: 414.538 Thread 0x00007f5a10003800 Uncommon trap: reason=class_check action=maybe_recompile pc=0x00007f5a65200fac method=java.util.HashMap.removeNode(ILjava/lang/Object;Ljava/lang/Object;ZZ)Ljava/util/HashMap$Node; @ 143
Event: 414.539 Thread 0x00007f5a10003800 Uncommon trap: reason=bimorphic action=maybe_recompile pc=0x00007f5a65200f68 method=java.util.HashMap.removeNode(ILjava/lang/Object;Ljava/lang/Object;ZZ)Ljava/util/HashMap$Node; @ 68

Internal exceptions (10 events):
Event: 36.084 Thread 0x00007f59e4001800 Exception <a 'java/lang/ClassNotFoundException': org/springframework/web/servlet/theme/FixedThemeResolverCustomizer> (0x000000078d66bad0) thrown at [/HUDSON3/workspace/8-2-build-linux-amd64/jdk8u101/7261/hotspot/src/share/vm/classfile/systemDictionary.cpp
Event: 36.085 Thread 0x00007f59e4001800 Exception <a 'java/lang/ClassNotFoundException': org/springframework/web/servlet/ThemeResolverCustomizer> (0x000000078d689010) thrown at [/HUDSON3/workspace/8-2-build-linux-amd64/jdk8u101/7261/hotspot/src/share/vm/classfile/systemDictionary.cpp, line 210]
Event: 36.089 Thread 0x00007f59e4001800 Exception <a 'java/lang/ClassNotFoundException': java/lang/ObjectCustomizer> (0x000000078d6b0f28) thrown at [/HUDSON3/workspace/8-2-build-linux-amd64/jdk8u101/7261/hotspot/src/share/vm/classfile/systemDictionary.cpp, line 210]
Event: 36.089 Thread 0x00007f59e4001800 Exception <a 'java/lang/ClassNotFoundException': org/springframework/web/servlet/view/DefaultRequestToViewNameTranslatorCustomizer> (0x000000078d6d5d88) thrown at [/HUDSON3/workspace/8-2-build-linux-amd64/jdk8u101/7261/hotspot/src/share/vm/classfile/syste
Event: 36.090 Thread 0x00007f59e4001800 Exception <a 'java/lang/ClassNotFoundException': org/springframework/web/servlet/RequestToViewNameTranslatorCustomizer> (0x000000078d7059b0) thrown at [/HUDSON3/workspace/8-2-build-linux-amd64/jdk8u101/7261/hotspot/src/share/vm/classfile/systemDictionary.
Event: 36.093 Thread 0x00007f59e4001800 Exception <a 'java/lang/ClassNotFoundException': java/lang/ObjectCustomizer> (0x000000078d747ca0) thrown at [/HUDSON3/workspace/8-2-build-linux-amd64/jdk8u101/7261/hotspot/src/share/vm/classfile/systemDictionary.cpp, line 210]
Event: 36.094 Thread 0x00007f59e4001800 Exception <a 'java/lang/ClassNotFoundException': org/springframework/web/servlet/support/AbstractFlashMapManagerCustomizer> (0x000000078d76a610) thrown at [/HUDSON3/workspace/8-2-build-linux-amd64/jdk8u101/7261/hotspot/src/share/vm/classfile/systemDiction
Event: 36.094 Thread 0x00007f59e4001800 Exception <a 'java/lang/ClassNotFoundException': org/springframework/web/servlet/support/SessionFlashMapManagerCustomizer> (0x000000078d790df8) thrown at [/HUDSON3/workspace/8-2-build-linux-amd64/jdk8u101/7261/hotspot/src/share/vm/classfile/systemDictiona
Event: 36.095 Thread 0x00007f59e4001800 Exception <a 'java/lang/ClassNotFoundException': org/springframework/web/servlet/FlashMapManagerCustomizer> (0x000000078d7ae2e8) thrown at [/HUDSON3/workspace/8-2-build-linux-amd64/jdk8u101/7261/hotspot/src/share/vm/classfile/systemDictionary.cpp, line 21
Event: 414.534 Thread 0x00007f5a153cf800 Exception <a 'java/lang/InterruptedException': sleep interrupted> (0x00000007901bf7e0) thrown at [/HUDSON3/workspace/8-2-build-linux-amd64/jdk8u101/7261/hotspot/src/share/vm/prims/jvm.cpp, line 3215]

Events (10 events):
Event: 414.542 Executing VM operation: RevokeBias done
Event: 414.542 Executing VM operation: RevokeBias
Event: 414.542 Executing VM operation: RevokeBias done
Event: 414.542 Executing VM operation: RevokeBias
Event: 414.542 Executing VM operation: RevokeBias done
Event: 414.542 Thread 0x00007f5a740be800 flushing nmethod 0x00007f5a6478fc10
Event: 414.543 loading class com/zaxxer/hikari/pool/HikariPool$1
Event: 414.543 loading class com/zaxxer/hikari/pool/HikariPool$1 done
Event: 414.543 Thread 0x00000000015e5000 Thread added: 0x00000000015e5000
Event: 414.543 Executing VM operation: ParallelGCFailedAllocation


Dynamic libraries:
00400000-00401000 r-xp 00000000 fd:01 657999                             /usr/java/jdk1.8.0_101/bin/java
00600000-00601000 rw-p 00000000 fd:01 657999                             /usr/java/jdk1.8.0_101/bin/java
015c4000-01606000 rw-p 00000000 00:00 0                                  [heap]
708200000-710280000 rw-p 00000000 00:00 0 
710280000-782b80000 ---p 00000000 00:00 0 
782b80000-793400000 rw-p 00000000 00:00 0 
793400000-7c0000000 ---p 00000000 00:00 0 
7c0000000-7c0780000 rw-p 00000000 00:00 0 
7c0780000-800000000 ---p 00000000 00:00 0 
7f59d4000000-7f59d4021000 rw-p 00000000 00:00 0 
7f59d4021000-7f59d8000000 ---p 00000000 00:00 0 
7f59d8000000-7f59d8021000 rw-p 00000000 00:00 0 
7f59d8021000-7f59dc000000 ---p 00000000 00:00 0 
7f59df9fe000-7f59dfa01000 ---p 00000000 00:00 0 
7f59dfa01000-7f59dfb3f000 rw-p 00000000 00:00 0 
7f59dfb3f000-7f59dfcff000 ---p 00000000 00:00 0 
7f59dfcff000-7f59dfeff000 rw-p 00000000 00:00 0 
7f59dfeff000-7f59dff02000 ---p 00000000 00:00 0 
7f59dff02000-7f59e0000000 rw-p 00000000 00:00 0 
7f59e0000000-7f59e0021000 rw-p 00000000 00:00 0 
7f59e0021000-7f59e4000000 ---p 00000000 00:00 0 
7f59e4000000-7f59e4021000 rw-p 00000000 00:00 0 
7f59e4021000-7f59e8000000 ---p 00000000 00:00 0 
7f59e8000000-7f59e8021000 rw-p 00000000 00:00 0 
7f59e8021000-7f59ec000000 ---p 00000000 00:00 0 
7f59ec000000-7f59ec021000 rw-p 00000000 00:00 0 
7f59ec021000-7f59f0000000 ---p 00000000 00:00 0 
7f59f0000000-7f59f0021000 rw-p 00000000 00:00 0 
7f59f0021000-7f59f4000000 ---p 00000000 00:00 0 
7f59f4000000-7f59f4021000 rw-p 00000000 00:00 0 
7f59f4021000-7f59f8000000 ---p 00000000 00:00 0 
7f59f8000000-7f59f8093000 rw-p 00000000 00:00 0 
7f59f8093000-7f59fc000000 ---p 00000000 00:00 0 
7f59fc000000-7f59fc021000 rw-p 00000000 00:00 0 
7f59fc021000-7f5a00000000 ---p 00000000 00:00 0 
7f5a00000000-7f5a0028f000 rw-p 00000000 00:00 0 
7f5a0028f000-7f5a04000000 ---p 00000000 00:00 0 
7f5a04000000-7f5a043fd000 rw-p 00000000 00:00 0 
7f5a043fd000-7f5a08000000 ---p 00000000 00:00 0 
7f5a08000000-7f5a083bf000 rw-p 00000000 00:00 0 
7f5a083bf000-7f5a0c000000 ---p 00000000 00:00 0 
7f5a0c000000-7f5a0c021000 rw-p 00000000 00:00 0 
7f5a0c021000-7f5a10000000 ---p 00000000 00:00 0 
7f5a10000000-7f5a10021000 rw-p 00000000 00:00 0 
7f5a10021000-7f5a14000000 ---p 00000000 00:00 0 
7f5a14000000-7f5a1550d000 rw-p 00000000 00:00 0 
7f5a1550d000-7f5a18000000 ---p 00000000 00:00 0 
7f5a18000000-7f5a18021000 rw-p 00000000 00:00 0 
7f5a18021000-7f5a1c000000 ---p 00000000 00:00 0 
7f5a1c000000-7f5a1c021000 rw-p 00000000 00:00 0 
7f5a1c021000-7f5a20000000 ---p 00000000 00:00 0 
7f5a20000000-7f5a20f41000 rw-p 00000000 00:00 0 
7f5a20f41000-7f5a24000000 ---p 00000000 00:00 0 
7f5a24000000-7f5a24021000 rw-p 00000000 00:00 0 
7f5a24021000-7f5a28000000 ---p 00000000 00:00 0 
7f5a28000000-7f5a2a434000 rw-p 00000000 00:00 0 
7f5a2a434000-7f5a2c000000 ---p 00000000 00:00 0 
7f5a2c000000-7f5a2de4e000 rw-p 00000000 00:00 0 
7f5a2de4e000-7f5a30000000 ---p 00000000 00:00 0 
7f5a30000000-7f5a30021000 rw-p 00000000 00:00 0 
7f5a30021000-7f5a34000000 ---p 00000000 00:00 0 
7f5a34033000-7f5a34036000 ---p 00000000 00:00 0 
7f5a34036000-7f5a34134000 rw-p 00000000 00:00 0 
7f5a34134000-7f5a34137000 ---p 00000000 00:00 0 
7f5a34137000-7f5a34235000 rw-p 00000000 00:00 0 
7f5a34235000-7f5a34238000 ---p 00000000 00:00 0 
7f5a34238000-7f5a34336000 rw-p 00000000 00:00 0 
7f5a34336000-7f5a34339000 ---p 00000000 00:00 0 
7f5a34339000-7f5a34437000 rw-p 00000000 00:00 0 
7f5a34437000-7f5a3443a000 ---p 00000000 00:00 0 
7f5a3443a000-7f5a34738000 rw-p 00000000 00:00 0 
7f5a34738000-7f5a34938000 rw-p 00000000 00:00 0 
7f5a34938000-7f5a3493b000 ---p 00000000 00:00 0 
7f5a3493b000-7f5a34c39000 rw-p 00000000 00:00 0 
7f5a34c39000-7f5a34e39000 rw-p 00000000 00:00 0 
7f5a34e39000-7f5a34e3c000 ---p 00000000 00:00 0 
7f5a34e3c000-7f5a34f3a000 rw-p 00000000 00:00 0 
7f5a34f3a000-7f5a34f3d000 ---p 00000000 00:00 0 
7f5a34f3d000-7f5a3503b000 rw-p 00000000 00:00 0 
7f5a3503b000-7f5a3503e000 ---p 00000000 00:00 0 
7f5a3503e000-7f5a3533c000 rw-p 00000000 00:00 0 
7f5a3533c000-7f5a3553c000 rw-p 00000000 00:00 0 
7f5a3553c000-7f5a3c000000 r--p 00000000 fd:01 409009                     /usr/lib/locale/locale-archive
7f5a3c000000-7f5a3c021000 rw-p 00000000 00:00 0 
7f5a3c021000-7f5a40000000 ---p 00000000 00:00 0 
7f5a40000000-7f5a40021000 rw-p 00000000 00:00 0 
7f5a40021000-7f5a44000000 ---p 00000000 00:00 0 
7f5a44000000-7f5a440c4000 rw-p 00000000 00:00 0 
7f5a440c4000-7f5a48000000 ---p 00000000 00:00 0 
7f5a48000000-7f5a48021000 rw-p 00000000 00:00 0 
7f5a48021000-7f5a4c000000 ---p 00000000 00:00 0 
7f5a4c01e000-7f5a4c021000 ---p 00000000 00:00 0 
7f5a4c021000-7f5a4c11f000 rw-p 00000000 00:00 0 
7f5a4c11f000-7f5a4c121000 r--s 0001a000 fd:01 658364                     /usr/java/jdk1.8.0_101/jre/lib/jce.jar
7f5a4c121000-7f5a4c321000 rw-p 00000000 00:00 0 
7f5a4c321000-7f5a4c521000 rw-p 00000000 00:00 0 
7f5a4c521000-7f5a4c721000 rw-p 00000000 00:00 0 
7f5a4c721000-7f5a4c921000 rw-p 00000000 00:00 0 
7f5a4c921000-7f5a4c924000 ---p 00000000 00:00 0 
7f5a4c924000-7f5a4ca22000 rw-p 00000000 00:00 0 
7f5a4ca22000-7f5a4ca25000 ---p 00000000 00:00 0 
7f5a4ca25000-7f5a4cb23000 rw-p 00000000 00:00 0 
7f5a4cb23000-7f5a4cb28000 r--s 00096000 fd:01 658435                     /usr/java/jdk1.8.0_101/jre/lib/jsse.jar
7f5a4cb28000-7f5a4cd28000 rw-p 00000000 00:00 0 
7f5a4cd28000-7f5a4cf28000 rw-p 00000000 00:00 0 
7f5a4cf28000-7f5a4d128000 rw-p 00000000 00:00 0 
7f5a4d128000-7f5a4d328000 rw-p 00000000 00:00 0 
7f5a4d328000-7f5a4d528000 rw-p 00000000 00:00 0 
7f5a4d528000-7f5a4d5bd000 r--s 007bc000 fd:01 658315                     /usr/java/jdk1.8.0_101/jre/lib/ext/jfxrt.jar
7f5a4d5bd000-7f5a4d7bd000 rw-p 00000000 00:00 0 
7f5a4d7bd000-7f5a4d7ce000 r-xp 00000000 fd:01 658170                     /usr/java/jdk1.8.0_101/jre/lib/amd64/libnio.so
7f5a4d7ce000-7f5a4d9cd000 ---p 00011000 fd:01 658170                     /usr/java/jdk1.8.0_101/jre/lib/amd64/libnio.so
7f5a4d9cd000-7f5a4d9ce000 rw-p 00010000 fd:01 658170                     /usr/java/jdk1.8.0_101/jre/lib/amd64/libnio.so
7f5a4d9ce000-7f5a4dbce000 rw-p 00000000 00:00 0 
7f5a4dbce000-7f5a4ddce000 rw-p 00000000 00:00 0 
7f5a4ddce000-7f5a4ddd4000 r--s 002f8000 fd:01 658371                     /usr/java/jdk1.8.0_101/jre/lib/charsets.jar
7f5a4ddd4000-7f5a4ddd7000 ---p 00000000 00:00 0 
7f5a4ddd7000-7f5a4e0d5000 rw-p 00000000 00:00 0 
7f5a4e0d5000-7f5a4e0de000 r-xp 00000000 fd:01 658167                     /usr/java/jdk1.8.0_101/jre/lib/amd64/libmanagement.so
7f5a4e0de000-7f5a4e2dd000 ---p 00009000 fd:01 658167                     /usr/java/jdk1.8.0_101/jre/lib/amd64/libmanagement.so
7f5a4e2dd000-7f5a4e2de000 rw-p 00008000 fd:01 658167                     /usr/java/jdk1.8.0_101/jre/lib/amd64/libmanagement.so
7f5a4e2de000-7f5a4e4de000 rw-p 00000000 00:00 0 
7f5a4e4de000-7f5a4e4e1000 ---p 00000000 00:00 0 
7f5a4e4e1000-7f5a4e5df000 rw-p 00000000 00:00 0 
7f5a4e5df000-7f5a4e5e2000 ---p 00000000 00:00 0 
7f5a4e5e2000-7f5a4e711000 rw-p 00000000 00:00 0 
7f5a4e711000-7f5a4e727000 r-xp 00000000 fd:01 658169                     /usr/java/jdk1.8.0_101/jre/lib/amd64/libnet.so
7f5a4e727000-7f5a4e927000 ---p 00016000 fd:01 658169                     /usr/java/jdk1.8.0_101/jre/lib/amd64/libnet.so
7f5a4e927000-7f5a4e928000 rw-p 00016000 fd:01 658169                     /usr/java/jdk1.8.0_101/jre/lib/amd64/libnet.so
7f5a4e928000-7f5a4e92b000 ---p 00000000 00:00 0 
7f5a4e92b000-7f5a4ea29000 rw-p 00000000 00:00 0 
7f5a4ea29000-7f5a4ea2a000 r-xp 00000000 fd:02 10493810                   /home/samray/Public/developingTools/idea-IU-163.7743.44/bin/libbreakgen64.so
7f5a4ea2a000-7f5a4ec29000 ---p 00001000 fd:02 10493810                   /home/samray/Public/developingTools/idea-IU-163.7743.44/bin/libbreakgen64.so
7f5a4ec29000-7f5a4ec2a000 r--p 00000000 fd:02 10493810                   /home/samray/Public/developingTools/idea-IU-163.7743.44/bin/libbreakgen64.so
7f5a4ec2a000-7f5a4ec2b000 rw-p 00001000 fd:02 10493810                   /home/samray/Public/developingTools/idea-IU-163.7743.44/bin/libbreakgen64.so
7f5a4ec2b000-7f5a4ec2d000 r--s 00019000 fd:02 10493517                   /home/samray/Public/developingTools/idea-IU-163.7743.44/lib/idea_rt.jar
7f5a4ec2d000-7f5a4ec43000 r--s 000fa000 fd:02 3411665                    /home/samray/.m2/repository/org/springframework/spring-core/4.3.5.RELEASE/spring-core-4.3.5.RELEASE.jar
7f5a4ec43000-7f5a4ec45000 r--s 00009000 fd:02 10370438                   /home/samray/.m2/repository/org/slf4j/slf4j-api/1.7.22/slf4j-api-1.7.22.jar
7f5a4ec45000-7f5a4ec48000 r--s 0001f000 fd:02 10749641                   /home/samray/.m2/repository/com/zaxxer/HikariCP/2.5.1/HikariCP-2.5.1.jar
7f5a4ec48000-7f5a4ec5d000 r--s 00145000 fd:02 9053395                    /home/samray/.m2/repository/org/projectlombok/lombok/1.16.12/lombok-1.16.12.jar
7f5a4ec5d000-7f5a4ec66000 r--s 000e9000 fd:02 11280821                   /home/samray/.m2/repository/mysql/mysql-connector-java/5.1.40/mysql-connector-java-5.1.40.jar
7f5a4ec66000-7f5a4ec84000 r--s 000d0000 fd:02 3558202                    /home/samray/.m2/repository/org/springframework/boot/spring-boot-autoconfigure/1.4.3.RELEASE/spring-boot-autoconfigure-1.4.3.RELEASE.jar
7f5a4ec84000-7f5a4ec94000 r--s 00092000 fd:02 3558204                    /home/samray/.m2/repository/org/springframework/boot/spring-boot/1.4.3.RELEASE/spring-boot-1.4.3.RELEASE.jar
7f5a4ec94000-7f5a4ec9b000 r--s 0002d000 fd:02 3558369                    /home/samray/.m2/repository/org/springframework/boot/spring-boot-devtools/1.4.3.RELEASE/spring-boot-devtools-1.4.3.RELEASE.jar
7f5a4ec9b000-7f5a4ecac000 r--s 000cf000 fd:02 3558200                    /home/samray/.m2/repository/org/springframework/spring-webmvc/4.3.5.RELEASE/spring-webmvc-4.3.5.RELEASE.jar
7f5a4ecac000-7f5a4ecbe000 r--s 000b6000 fd:02 3558197                    /home/samray/.m2/repository/org/springframework/spring-web/4.3.5.RELEASE/spring-web-4.3.5.RELEASE.jar
7f5a4ecbe000-7f5a4ecc2000 r--s 00041000 fd:02 3558220                    /home/samray/.m2/repository/com/fasterxml/jackson/core/jackson-core/2.8.5/jackson-core-2.8.5.jar
7f5a4ecc2000-7f5a4ecc5000 r--s 0000b000 fd:02 3558218                    /home/samray/.m2/repository/com/fasterxml/jackson/core/jackson-annotations/2.8.5/jackson-annotations-2.8.5.jar
7f5a4ecc5000-7f5a4ecd6000 r--s 0011d000 fd:02 3162836                    /home/samray/.m2/repository/com/fasterxml/jackson/core/jackson-databind/2.8.5/jackson-databind-2.8.5.jar
7f5a4ecd6000-7f5a4ecd8000 r--s 0000e000 fd:02 2378700                    /home/samray/.m2/repository/com/fasterxml/classmate/1.3.3/classmate-1.3.3.jar
7f5a4ecd8000-7f5a4ecdc000 r--s 0000c000 fd:02 10625680                   /home/samray/.m2/repository/javax/validation/validation-api/1.1.0.Final/validation-api-1.1.0.Final.jar
7f5a4ecdc000-7f5a4ecec000 r--s 0009c000 fd:02 10625678                   /home/samray/.m2/repository/org/hibernate/hibernate-validator/5.2.4.Final/hibernate-validator-5.2.4.Final.jar
7f5a4ecec000-7f5a4ecf1000 r--s 00036000 fd:02 9452248                    /home/samray/.m2/repository/org/apache/tomcat/embed/tomcat-embed-websocket/8.5.6/tomcat-embed-websocket-8.5.6.jar
7f5a4ecf1000-7f5a4ecf6000 r--s 00036000 fd:02 9318054                    /home/samray/.m2/repository/org/apache/tomcat/embed/tomcat-embed-el/8.5.6/tomcat-embed-el-8.5.6.jar
7f5a4ecf6000-7f5a4ed1f000 r--s 002b2000 fd:02 9053401                    /home/samray/.m2/repository/org/apache/tomcat/embed/tomcat-embed-core/8.5.6/tomcat-embed-core-8.5.6.jar
7f5a4ed1f000-7f5a4ed20000 r--s 00000000 fd:02 1982037                    /home/samray/.m2/repository/org/springframework/boot/spring-boot-starter-tomcat/1.4.3.RELEASE/spring-boot-starter-tomcat-1.4.3.RELEASE.jar
7f5a4ed20000-7f5a4ed21000 r--s 00000000 fd:02 1982041                    /home/samray/.m2/repository/org/springframework/boot/spring-boot-starter-web/1.4.3.RELEASE/spring-boot-starter-web-1.4.3.RELEASE.jar
7f5a4ed21000-7f5a4ed6e000 r--s 0040b000 fd:02 11407855                   /home/samray/.m2/repository/org/codehaus/groovy/groovy/2.4.7/groovy-2.4.7.jar
7f5a4ed6e000-7f5a4ed71000 r--s 0001a000 fd:02 2119957                    /home/samray/.m2/repository/nz/net/ultraq/thymeleaf/thymeleaf-layout-dialect/1.4.0/thymeleaf-layout-dialect-1.4.0.jar
7f5a4ed71000-7f5a4ed74000 r--s 00020000 fd:02 11280784                   /home/samray/.m2/repository/org/unbescape/unbescape/1.1.0.RELEASE/unbescape-1.1.0.RELEASE.jar
7f5a4ed74000-7f5a4ed77000 r--s 00035000 fd:02 10234135                   /home/samray/.m2/repository/ognl/ognl/3.0.8/ognl-3.0.8.jar
7f5a4ed77000-7f5a4ed84000 r--s 000b7000 fd:02 10105534                   /home/samray/.m2/repository/org/thymeleaf/thymeleaf/2.1.5.RELEASE/thymeleaf-2.1.5.RELEASE.jar
7f5a4ed84000-7f5a4ed87000 r--s 00034000 fd:02 9973768                    /home/samray/.m2/repository/org/thymeleaf/thymeleaf-spring4/2.1.5.RELEASE/thymeleaf-spring4-2.1.5.RELEASE.jar
7f5a4ed87000-7f5a4ed88000 r--s 00000000 fd:02 10370399                   /home/samray/.m2/repository/org/springframework/boot/spring-boot-starter-thymeleaf/1.4.3.RELEASE/spring-boot-starter-thymeleaf-1.4.3.RELEASE.jar
7f5a4ed88000-7f5a4ed8a000 r--s 0000e000 fd:02 3557947                    /home/samray/.m2/repository/javax/activation/activation/1.1/activation-1.1.jar
7f5a4ed8a000-7f5a4ed93000 r--s 0008c000 fd:02 3558363                    /home/samray/.m2/repository/com/sun/mail/javax.mail/1.5.6/javax.mail-1.5.6.jar
7f5a4ed93000-7f5a4ed98000 r--s 00029000 fd:02 3558357                    /home/samray/.m2/repository/org/springframework/spring-context-support/4.3.5.RELEASE/spring-context-support-4.3.5.RELEASE.jar
7f5a4ed98000-7f5a4ed9d000 r--s 0003c000 fd:02 3558219                    /home/samray/.m2/repository/org/springframework/spring-expression/4.3.5.RELEASE/spring-expression-4.3.5.RELEASE.jar
7f5a4ed9d000-7f5a4edb7000 r--s 000fc000 fd:02 3411661                    /home/samray/.m2/repository/org/springframework/spring-context/4.3.5.RELEASE/spring-context-4.3.5.RELEASE.jar
7f5a4edb7000-7f5a4edb8000 r--s 00000000 fd:02 3558361                    /home/samray/.m2/repository/org/springframework/boot/spring-boot-starter-mail/1.4.3.RELEASE/spring-boot-starter-mail-1.4.3.RELEASE.jar
7f5a4edb8000-7f5a4edbb000 r--s 00019000 fd:02 8922182                    /home/samray/.m2/repository/org/apache/commons/commons-pool2/2.4.2/commons-pool2-2.4.2.jar
7f5a4edbb000-7f5a4edc6000 r--s 00079000 fd:02 3558359                    /home/samray/.m2/repository/redis/clients/jedis/2.8.2/jedis-2.8.2.jar
7f5a4edc6000-7f5a4edc8000 r--s 00013000 fd:02 3558356                    /home/samray/.m2/repository/org/springframework/spring-oxm/4.3.5.RELEASE/spring-oxm-4.3.5.RELEASE.jar
7f5a4edc8000-7f5a4edcc000 r--s 00016000 fd:02 3558353                    /home/samray/.m2/repository/org/springframework/data/spring-data-keyvalue/1.1.6.RELEASE/spring-data-keyvalue-1.1.6.RELEASE.jar
7f5a4edcc000-7f5a4ede5000 r--s 000f9000 fd:02 3558351                    /home/samray/.m2/repository/org/springframework/data/spring-data-redis/1.7.6.RELEASE/spring-data-redis-1.7.6.RELEASE.jar
7f5a4ede5000-7f5a4ede8000 r--s 0000c000 fd:02 1982028                    /home/samray/.m2/repository/org/springframework/spring-aspects/4.3.5.RELEASE/spring-aspects-4.3.5.RELEASE.jar
7f5a4ede8000-7f5a4edea000 r--s 00003000 fd:02 403541                     /home/samray/.m2/repository/org/slf4j/jcl-over-slf4j/1.7.22/jcl-over-slf4j-1.7.22.jar
7f5a4edea000-7f5a4edf7000 r--s 000ad000 fd:02 3411658                    /home/samray/.m2/repository/org/springframework/spring-beans/4.3.5.RELEASE/spring-beans-4.3.5.RELEASE.jar
7f5a4edf7000-7f5a4edff000 r--s 0003a000 fd:02 11678764                   /home/samray/.m2/repository/org/springframework/spring-tx/4.3.5.RELEASE/spring-tx-4.3.5.RELEASE.jar
7f5a4edff000-7f5a4ee09000 r--s 0006b000 fd:02 403508                     /home/samray/.m2/repository/org/springframework/spring-orm/4.3.5.RELEASE/spring-orm-4.3.5.RELEASE.jar
7f5a4ee09000-7f5a4ee19000 r--s 0009a000 fd:02 403539                     /home/samray/.m2/repository/org/springframework/data/spring-data-commons/1.12.6.RELEASE/spring-data-commons-1.12.6.RELEASE.jar
7f5a4ee19000-7f5a4ee1f000 r--s 0003f000 fd:02 10749623                   /home/samray/.m2/repository/org/springframework/data/spring-data-jpa/1.10.6.RELEASE/spring-data-jpa-1.10.6.RELEASE.jar
7f5a4ee1f000-7f5a4ee21000 r--s 00006000 fd:02 11019718                   /home/samray/.m2/repository/javax/transaction/javax.transaction-api/1.2/javax.transaction-api-1.2.jar
7f5a4ee21000-7f5a4ee2e000 r--s 00089000 fd:02 3558196                    /home/samray/.m2/repository/org/hibernate/hibernate-entitymanager/5.0.11.Final/hibernate-entitymanager-5.0.11.Final.jar
7f5a4ee2e000-7f5a4ee31000 r--s 00010000 fd:02 11280773                   /home/samray/.m2/repository/org/hibernate/common/hibernate-commons-annotations/5.0.1.Final/hibernate-commons-annotations-5.0.1.Final.jar
7f5a4ee31000-7f5a4ee3a000 r--s 0002d000 fd:02 3411413                    /home/samray/.m2/repository/xml-apis/xml-apis/1.4.01/xml-apis-1.4.01.jar
7f5a4ee3a000-7f5a4ee3f000 r--s 00048000 fd:02 11016165                   /home/samray/.m2/repository/dom4j/dom4j/1.6.1/dom4j-1.6.1.jar
7f5a4ee3f000-7f5a4ee42000 r--s 0002b000 fd:02 11149874                   /home/samray/.m2/repository/org/jboss/jandex/2.0.0.Final/jandex-2.0.0.Final.jar
7f5a4ee42000-7f5a4ee47000 r--s 00068000 fd:02 11016173                   /home/samray/.m2/repository/antlr/antlr/2.7.7/antlr-2.7.7.jar
7f5a4ee47000-7f5a4ee51000 r--s 000ae000 fd:02 11019690                   /home/samray/.m2/repository/org/javassist/javassist/3.20.0-GA/javassist-3.20.0-GA.jar
7f5a4ee51000-7f5a4ee56000 r--s 00017000 fd:02 11016169                   /home/samray/.m2/repository/org/hibernate/javax/persistence/hibernate-jpa-2.1-api/1.0.0.Final/hibernate-jpa-2.1-api-1.0.0.Final.jar
7f5a4ee56000-7f5a4ee58000 r--s 0000f000 fd:02 10625682                   /home/samray/.m2/repository/org/jboss/logging/jboss-logging/3.3.0.Final/jboss-logging-3.3.0.Final.jar
7f5a4ee58000-7f5a4eec1000 r--s 004f3000 fd:02 11667834                   /home/samray/.m2/repository/org/hibernate/hibernate-core/5.0.11.Final/hibernate-core-5.0.11.Final.jar
7f5a4eec1000-7f5a4eecb000 r--s 0005f000 fd:02 3411662                    /home/samray/.m2/repository/org/springframework/spring-jdbc/4.3.5.RELEASE/spring-jdbc-4.3.5.RELEASE.jar
7f5a4eecb000-7f5a4eecd000 r--s 00009000 fd:02 9183020                    /home/samray/.m2/repository/org/apache/tomcat/tomcat-juli/8.5.6/tomcat-juli-8.5.6.jar
7f5a4eecd000-7f5a4eee6000 r--s 001af000 fd:02 10630158                   /home/samray/.m2/repository/org/aspectj/aspectjweaver/1.8.9/aspectjweaver-1.8.9.jar
7f5a4eee6000-7f5a4eeef000 r--s 00054000 fd:02 3558226                    /home/samray/.m2/repository/org/springframework/spring-aop/4.3.5.RELEASE/spring-aop-4.3.5.RELEASE.jar
7f5a4eeef000-7f5a4eef0000 ---p 00000000 00:00 0 
7f5a4eef0000-7f5a4eff0000 rw-p 00000000 00:00 0 
7f5a4eff0000-7f5a4eff3000 ---p 00000000 00:00 0 
7f5a4eff3000-7f5a4f0f1000 rw-p 00000000 00:00 0 
7f5a4f0f1000-7f5a4f0f4000 ---p 00000000 00:00 0 
7f5a4f0f4000-7f5a4f1f2000 rw-p 00000000 00:00 0 
7f5a4f1f2000-7f5a4f1f5000 ---p 00000000 00:00 0 
7f5a4f1f5000-7f5a4f2f3000 rw-p 00000000 00:00 0 
7f5a4f2f3000-7f5a4f2f6000 ---p 00000000 00:00 0 
7f5a4f2f6000-7f5a4f3f4000 rw-p 00000000 00:00 0 
7f5a4f3f4000-7f5a4f3f7000 ---p 00000000 00:00 0 
7f5a4f3f7000-7f5a4f4f5000 rw-p 00000000 00:00 0 
7f5a4f4f5000-7f5a4f4f8000 ---p 00000000 00:00 0 
7f5a4f4f8000-7f5a4f5f6000 rw-p 00000000 00:00 0 
7f5a4f5f6000-7f5a4f5f9000 ---p 00000000 00:00 0 
7f5a4f5f9000-7f5a4f6f7000 rw-p 00000000 00:00 0 
7f5a4f6f7000-7f5a4f6f8000 ---p 00000000 00:00 0 
7f5a4f6f8000-7f5a50000000 rw-p 00000000 00:00 0 
7f5a50000000-7f5a502b4000 rw-p 00000000 00:00 0 
7f5a502b4000-7f5a54000000 ---p 00000000 00:00 0 
7f5a54000000-7f5a54032000 rw-p 00000000 00:00 0 
7f5a54032000-7f5a58000000 ---p 00000000 00:00 0 
7f5a58000000-7f5a58021000 rw-p 00000000 00:00 0 
7f5a58021000-7f5a5c000000 ---p 00000000 00:00 0 
7f5a5c000000-7f5a5c001000 r--s 00000000 fd:02 3558347                    /home/samray/.m2/repository/org/springframework/boot/spring-boot-starter-data-redis/1.4.3.RELEASE/spring-boot-starter-data-redis-1.4.3.RELEASE.jar
7f5a5c001000-7f5a5c004000 r--s 00020000 fd:02 8922179                    /home/samray/.m2/repository/org/apache/tomcat/tomcat-jdbc/8.5.6/tomcat-jdbc-8.5.6.jar
7f5a5c004000-7f5a5c005000 r--s 00000000 fd:02 3558201                    /home/samray/.m2/repository/org/springframework/boot/spring-boot-starter-jdbc/1.4.3.RELEASE/spring-boot-starter-jdbc-1.4.3.RELEASE.jar
7f5a5c005000-7f5a5c006000 r--s 00000000 fd:02 3558214                    /home/samray/.m2/repository/org/springframework/boot/spring-boot-starter-aop/1.4.3.RELEASE/spring-boot-starter-aop-1.4.3.RELEASE.jar
7f5a5c006000-7f5a5c007000 r--s 00000000 fd:02 3558193                    /home/samray/.m2/repository/org/springframework/boot/spring-boot-starter-data-jpa/1.4.3.RELEASE/spring-boot-starter-data-jpa-1.4.3.RELEASE.jar
7f5a5c007000-7f5a5c015000 r--s 00067000 fd:02 3558349                    /home/samray/.m2/repository/org/springframework/boot/spring-boot-actuator/1.4.3.RELEASE/spring-boot-actuator-1.4.3.RELEASE.jar
7f5a5c015000-7f5a5c01b000 r--s 0003d000 fd:02 8398287                    /home/samray/.m2/repository/org/yaml/snakeyaml/1.17/snakeyaml-1.17.jar
7f5a5c01b000-7f5a5c01d000 r--s 00004000 fd:02 3558212                    /home/samray/.m2/repository/org/slf4j/log4j-over-slf4j/1.7.22/log4j-over-slf4j-1.7.22.jar
7f5a5c01d000-7f5a5c01f000 r--s 00000000 fd:02 403543                     /home/samray/.m2/repository/org/slf4j/jul-to-slf4j/1.7.22/jul-to-slf4j-1.7.22.jar
7f5a5c01f000-7f5a5c029000 r--s 00069000 fd:02 3558210                    /home/samray/.m2/repository/ch/qos/logback/logback-core/1.1.8/logback-core-1.1.8.jar
7f5a5c029000-7f5a5c02f000 r--s 00045000 fd:02 3558208                    /home/samray/.m2/repository/ch/qos/logback/logback-classic/1.1.8/logback-classic-1.1.8.jar
7f5a5c02f000-7f5a5c030000 r--s 00000000 fd:02 3558206                    /home/samray/.m2/repository/org/springframework/boot/spring-boot-starter-logging/1.4.3.RELEASE/spring-boot-starter-logging-1.4.3.RELEASE.jar
7f5a5c030000-7f5a5c031000 r--s 00000000 fd:02 3558228                    /home/samray/.m2/repository/org/springframework/boot/spring-boot-starter/1.4.3.RELEASE/spring-boot-starter-1.4.3.RELEASE.jar
7f5a5c031000-7f5a5c032000 r--s 00000000 fd:02 3558345                    /home/samray/.m2/repository/org/springframework/boot/spring-boot-starter-actuator/1.4.3.RELEASE/spring-boot-starter-actuator-1.4.3.RELEASE.jar
7f5a5c032000-7f5a5c047000 r--s 000ff000 fd:01 658434                     /usr/java/jdk1.8.0_101/jre/lib/resources.jar
7f5a5c047000-7f5a5c05a000 r--s 001a7000 fd:01 673441                     /usr/java/jdk1.8.0_101/jre/lib/plugin.jar
7f5a5c05a000-7f5a5c05b000 r--s 00000000 fd:01 658418                     /usr/java/jdk1.8.0_101/jre/lib/management-agent.jar
7f5a5c05b000-7f5a5c065000 r--s 000df000 fd:01 658431                     /usr/java/jdk1.8.0_101/jre/lib/javaws.jar
7f5a5c065000-7f5a5c080000 r--s 00495000 fd:01 658363                     /usr/java/jdk1.8.0_101/jre/lib/deploy.jar
7f5a5c080000-7f5a5c839000 rw-p 00000000 00:00 0 
7f5a5c839000-7f5a5ca12000 r--s 03ce1000 fd:01 658202                     /usr/java/jdk1.8.0_101/jre/lib/rt.jar
7f5a5ca12000-7f5a63437000 rw-p 00000000 00:00 0 
7f5a63437000-7f5a63438000 ---p 00000000 00:00 0 
7f5a63438000-7f5a63538000 rw-p 00000000 00:00 0 
7f5a63538000-7f5a63539000 ---p 00000000 00:00 0 
7f5a63539000-7f5a63639000 rw-p 00000000 00:00 0 
7f5a63639000-7f5a6363a000 ---p 00000000 00:00 0 
7f5a6363a000-7f5a6373a000 rw-p 00000000 00:00 0 
7f5a6373a000-7f5a6373b000 ---p 00000000 00:00 0 
7f5a6373b000-7f5a6387c000 rw-p 00000000 00:00 0 
7f5a6387c000-7f5a63c10000 ---p 00000000 00:00 0 
7f5a63c10000-7f5a63c51000 rw-p 00000000 00:00 0 
7f5a63c51000-7f5a63fe4000 ---p 00000000 00:00 0 
7f5a63fe4000-7f5a64069000 rw-p 00000000 00:00 0 
7f5a64069000-7f5a641cf000 ---p 00000000 00:00 0 
7f5a641cf000-7f5a64218000 rw-p 00000000 00:00 0 
7f5a64218000-7f5a64590000 ---p 00000000 00:00 0 
7f5a64590000-7f5a65780000 rwxp 00000000 00:00 0 
7f5a65780000-7f5a73590000 ---p 00000000 00:00 0 
7f5a73590000-7f5a735aa000 r-xp 00000000 fd:01 658184                     /usr/java/jdk1.8.0_101/jre/lib/amd64/libzip.so
7f5a735aa000-7f5a737aa000 ---p 0001a000 fd:01 658184                     /usr/java/jdk1.8.0_101/jre/lib/amd64/libzip.so
7f5a737aa000-7f5a737ab000 rw-p 0001a000 fd:01 658184                     /usr/java/jdk1.8.0_101/jre/lib/amd64/libzip.so
7f5a737ab000-7f5a737b5000 r-xp 00000000 fd:01 1457903                    /usr/lib64/libnss_files-2.24.so
7f5a737b5000-7f5a739b5000 ---p 0000a000 fd:01 1457903                    /usr/lib64/libnss_files-2.24.so
7f5a739b5000-7f5a739b6000 r--p 0000a000 fd:01 1457903                    /usr/lib64/libnss_files-2.24.so
7f5a739b6000-7f5a739b7000 rw-p 0000b000 fd:01 1457903                    /usr/lib64/libnss_files-2.24.so
7f5a739b7000-7f5a739bd000 rw-p 00000000 00:00 0 
7f5a739bd000-7f5a739e7000 r-xp 00000000 fd:01 658148                     /usr/java/jdk1.8.0_101/jre/lib/amd64/libjava.so
7f5a739e7000-7f5a73be7000 ---p 0002a000 fd:01 658148                     /usr/java/jdk1.8.0_101/jre/lib/amd64/libjava.so
7f5a73be7000-7f5a73be9000 rw-p 0002a000 fd:01 658148                     /usr/java/jdk1.8.0_101/jre/lib/amd64/libjava.so
7f5a73be9000-7f5a73bf6000 r-xp 00000000 fd:01 658183                     /usr/java/jdk1.8.0_101/jre/lib/amd64/libverify.so
7f5a73bf6000-7f5a73df6000 ---p 0000d000 fd:01 658183                     /usr/java/jdk1.8.0_101/jre/lib/amd64/libverify.so
7f5a73df6000-7f5a73df8000 rw-p 0000d000 fd:01 658183                     /usr/java/jdk1.8.0_101/jre/lib/amd64/libverify.so
7f5a73df8000-7f5a73dff000 r-xp 00000000 fd:01 1459280                    /usr/lib64/librt-2.24.so
7f5a73dff000-7f5a73ffe000 ---p 00007000 fd:01 1459280                    /usr/lib64/librt-2.24.so
7f5a73ffe000-7f5a73fff000 r--p 00006000 fd:01 1459280                    /usr/lib64/librt-2.24.so
7f5a73fff000-7f5a74000000 rw-p 00007000 fd:01 1459280                    /usr/lib64/librt-2.24.so
7f5a74000000-7f5a74849000 rw-p 00000000 00:00 0 
7f5a74849000-7f5a78000000 ---p 00000000 00:00 0 
7f5a78000000-7f5a78006000 r--s 0003e000 fd:01 658367                     /usr/java/jdk1.8.0_101/jre/lib/jfr.jar
7f5a78006000-7f5a78027000 rw-p 00000000 00:00 0 
7f5a78027000-7f5a7812f000 r-xp 00000000 fd:01 1456647                    /usr/lib64/libm-2.24.so
7f5a7812f000-7f5a7832e000 ---p 00108000 fd:01 1456647                    /usr/lib64/libm-2.24.so
7f5a7832e000-7f5a7832f000 r--p 00107000 fd:01 1456647                    /usr/lib64/libm-2.24.so
7f5a7832f000-7f5a78330000 rw-p 00108000 fd:01 1456647                    /usr/lib64/libm-2.24.so
7f5a78330000-7f5a78ffb000 r-xp 00000000 fd:01 658188                     /usr/java/jdk1.8.0_101/jre/lib/amd64/server/libjvm.so
7f5a78ffb000-7f5a791fa000 ---p 00ccb000 fd:01 658188                     /usr/java/jdk1.8.0_101/jre/lib/amd64/server/libjvm.so
7f5a791fa000-7f5a792d3000 rw-p 00cca000 fd:01 658188                     /usr/java/jdk1.8.0_101/jre/lib/amd64/server/libjvm.so
7f5a792d3000-7f5a7931e000 rw-p 00000000 00:00 0 
7f5a7931e000-7f5a794db000 r-xp 00000000 fd:01 1443515                    /usr/lib64/libc-2.24.so
7f5a794db000-7f5a796da000 ---p 001bd000 fd:01 1443515                    /usr/lib64/libc-2.24.so
7f5a796da000-7f5a796de000 r--p 001bc000 fd:01 1443515                    /usr/lib64/libc-2.24.so
7f5a796de000-7f5a796e0000 rw-p 001c0000 fd:01 1443515                    /usr/lib64/libc-2.24.so
7f5a796e0000-7f5a796e4000 rw-p 00000000 00:00 0 
7f5a796e4000-7f5a796e7000 r-xp 00000000 fd:01 1442063                    /usr/lib64/libdl-2.24.so
7f5a796e7000-7f5a798e6000 ---p 00003000 fd:01 1442063                    /usr/lib64/libdl-2.24.so
7f5a798e6000-7f5a798e7000 r--p 00002000 fd:01 1442063                    /usr/lib64/libdl-2.24.so
7f5a798e7000-7f5a798e8000 rw-p 00003000 fd:01 1442063                    /usr/lib64/libdl-2.24.so
7f5a798e8000-7f5a798fd000 r-xp 00000000 fd:01 658455                     /usr/java/jdk1.8.0_101/lib/amd64/jli/libjli.so
7f5a798fd000-7f5a79afd000 ---p 00015000 fd:01 658455                     /usr/java/jdk1.8.0_101/lib/amd64/jli/libjli.so
7f5a79afd000-7f5a79afe000 rw-p 00015000 fd:01 658455                     /usr/java/jdk1.8.0_101/lib/amd64/jli/libjli.so
7f5a79afe000-7f5a79b16000 r-xp 00000000 fd:01 1457908                    /usr/lib64/libpthread-2.24.so
7f5a79b16000-7f5a79d16000 ---p 00018000 fd:01 1457908                    /usr/lib64/libpthread-2.24.so
7f5a79d16000-7f5a79d17000 r--p 00018000 fd:01 1457908                    /usr/lib64/libpthread-2.24.so
7f5a79d17000-7f5a79d18000 rw-p 00019000 fd:01 1457908                    /usr/lib64/libpthread-2.24.so
7f5a79d18000-7f5a79d1c000 rw-p 00000000 00:00 0 
7f5a79d1c000-7f5a79d41000 r-xp 00000000 fd:01 1443603                    /usr/lib64/ld-2.24.so
7f5a79d41000-7f5a79d46000 r--s 00096000 fd:01 658435                     /usr/java/jdk1.8.0_101/jre/lib/jsse.jar
7f5a79d46000-7f5a79d4c000 r--s 002f8000 fd:01 658371                     /usr/java/jdk1.8.0_101/jre/lib/charsets.jar
7f5a79d4c000-7f5a79e09000 rw-p 00000000 00:00 0 
7f5a79e09000-7f5a79e0c000 ---p 00000000 00:00 0 
7f5a79e0c000-7f5a79f0c000 rw-p 00000000 00:00 0 
7f5a79f0c000-7f5a79f0e000 r--s 00007000 fd:01 658370                     /usr/java/jdk1.8.0_101/jre/lib/jfxswt.jar
7f5a79f0e000-7f5a79f10000 r--s 0001a000 fd:01 658364                     /usr/java/jdk1.8.0_101/jre/lib/jce.jar
7f5a79f10000-7f5a79f31000 rw-p 00000000 00:00 0 
7f5a79f31000-7f5a79f39000 rw-s 00000000 00:27 16247354                   /tmp/hsperfdata_samray/10383
7f5a79f39000-7f5a79f3a000 rw-p 00000000 00:00 0 
7f5a79f3a000-7f5a79f3b000 ---p 00000000 00:00 0 
7f5a79f3b000-7f5a79f3d000 rw-p 00000000 00:00 0 
7f5a79f3d000-7f5a79f3f000 r--p 00000000 00:00 0                          [vvar]
7f5a79f3f000-7f5a79f41000 r-xp 00000000 00:00 0                          [vdso]
7f5a79f41000-7f5a79f42000 r--p 00025000 fd:01 1443603                    /usr/lib64/ld-2.24.so
7f5a79f42000-7f5a79f43000 rw-p 00026000 fd:01 1443603                    /usr/lib64/ld-2.24.so
7f5a79f43000-7f5a79f44000 rw-p 00000000 00:00 0 
7ffff11d2000-7ffff11f5000 rw-p 00000000 00:00 0                          [stack]
ffffffffff600000-ffffffffff601000 r-xp 00000000 00:00 0                  [vsyscall]

VM Arguments:
jvm_args: -Dspring.output.ansi.enabled=always -Didea.launcher.port=7532 -Didea.launcher.bin.path=/home/samray/Public/developingTools/idea-IU-163.7743.44/bin -Dfile.encoding=UTF-8 
java_command: com.intellij.rt.execution.application.AppMain com.samray.SamrayBlogApplication
java_class_path (initial): /usr/java/jdk1.8.0_101/jre/lib/charsets.jar:/usr/java/jdk1.8.0_101/jre/lib/deploy.jar:/usr/java/jdk1.8.0_101/jre/lib/ext/cldrdata.jar:/usr/java/jdk1.8.0_101/jre/lib/ext/dnsns.jar:/usr/java/jdk1.8.0_101/jre/lib/ext/jaccess.jar:/usr/java/jdk1.8.0_101/jre/lib/ext/jfxrt.jar:/usr/java/jdk1.8.0_101/jre/lib/ext/localedata.jar:/usr/java/jdk1.8.0_101/jre/lib/ext/nashorn.jar:/usr/java/jdk1.8.0_101/jre/lib/ext/sunec.jar:/usr/java/jdk1.8.0_101/jre/lib/ext/sunjce_provider.jar:/usr/java/jdk1.8.0_101/jre/lib/ext/sunpkcs11.jar:/usr/java/jdk1.8.0_101/jre/lib/ext/zipfs.jar:/usr/java/jdk1.8.0_101/jre/lib/javaws.jar:/usr/java/jdk1.8.0_101/jre/lib/jce.jar:/usr/java/jdk1.8.0_101/jre/lib/jfr.jar:/usr/java/jdk1.8.0_101/jre/lib/jfxswt.jar:/usr/java/jdk1.8.0_101/jre/lib/jsse.jar:/usr/java/jdk1.8.0_101/jre/lib/management-agent.jar:/usr/java/jdk1.8.0_101/jre/lib/plugin.jar:/usr/java/jdk1.8.0_101/jre/lib/resources.jar:/usr/java/jdk1.8.0_101/jre/lib/rt.jar:/home/samray/IdeaProjects/samrayblog/target/classes:/home/samray/.m2/repository/org/springframework/boot/spring-boot-starter-actuator/1.4.3.RELEASE/spring-boot-starter-actuator-1.4.3.RELEASE.jar:/home/samray/.m2/repository/org/springframework/boot/spring-boot-starter/1.4.3.RELEASE/spring-boot-starter-1.4.3.RELEASE.jar:/home/samray/.m2/repository/org/springframework/boot/spring-boot-starter-logging/1.4.3.RELEASE/spring-boot-starter-logging-1.4.3.RELEASE.jar:/home/samray/.m2/repository/ch/qos/logback/logback-classic/1.1.8/logback-classic-1.1.8.jar:/home/samray/.m2/repository/ch/qos/logback/logback-core/1.1.8/logback-core-1.1.8.jar:/home/samray/.m2/repository/org/slf4j/jul-to-slf4j/1.7.22/jul-to-slf4j-1.7.22.jar:/home/samray/.m2/repository/org/slf4j/log4j-over-slf4j/1.7.22/log4j-over-slf4j-1.7.22.jar:/home/samray/.m2/repository/org/yaml/snakeyaml/1.17/snakeyaml-1.17.jar:/home/samray/.m2/repository/org/springframework/boot/spring-boot-actuator/1.4.3.RELEASE/spring-boot-actuator-1.4.3.RELEASE.jar:/home/samray/.m2/reposi
Launcher Type: SUN_STANDARD

Environment Variables:
JAVA_HOME=/usr/java/jdk1.8.0_101
PATH=/usr/java/jdk1.8.0_101/bin:/usr/lib64/qt-3.3/bin:/usr/local/bin:/usr/local/sbin:/usr/bin:/usr/sbin:/home/samray/bin:/usr/java/jdk1.8.0_101/bin:/usr/local/my_softwares_and_tools/mongodb-linux-x86_64-rhel70-3.2.9/bin
USERNAME=samray
LD_LIBRARY_PATH=/home/samray/Public/developingTools/idea-IU-163.7743.44/bin:
SHELL=/usr/bin/zsh
DISPLAY=:0

Signal Handlers:
SIGSEGV: [libjvm.so+0xac4790], sa_mask[0]=11111111011111111101111111111110, sa_flags=SA_RESTART|SA_SIGINFO
SIGBUS: [libjvm.so+0xac4790], sa_mask[0]=11111111011111111101111111111110, sa_flags=SA_RESTART|SA_SIGINFO
SIGFPE: [libjvm.so+0x91f140], sa_mask[0]=11111111011111111101111111111110, sa_flags=SA_RESTART|SA_SIGINFO
SIGPIPE: [libjvm.so+0x91f140], sa_mask[0]=11111111011111111101111111111110, sa_flags=SA_RESTART|SA_SIGINFO
SIGXFSZ: [libjvm.so+0x91f140], sa_mask[0]=11111111011111111101111111111110, sa_flags=SA_RESTART|SA_SIGINFO
SIGILL: [libjvm.so+0x91f140], sa_mask[0]=11111111011111111101111111111110, sa_flags=SA_RESTART|SA_SIGINFO
SIGUSR1: SIG_DFL, sa_mask[0]=00000000000000000000000000000000, sa_flags=none
SIGUSR2: [libjvm.so+0x920770], sa_mask[0]=00100000000000000000000000000000, sa_flags=SA_RESTART|SA_SIGINFO
SIGHUP: [libjvm.so+0x921b70], sa_mask[0]=11111111011111111101111111111110, sa_flags=SA_RESTART|SA_SIGINFO
SIGINT: [libjvm.so+0x921b70], sa_mask[0]=11111111011111111101111111111110, sa_flags=SA_RESTART|SA_SIGINFO
SIGTERM: [libjvm.so+0x921b70], sa_mask[0]=11111111011111111101111111111110, sa_flags=SA_RESTART|SA_SIGINFO
SIGQUIT: [libjvm.so+0x921b70], sa_mask[0]=11111111011111111101111111111110, sa_flags=SA_RESTART|SA_SIGINFO


---------------  S Y S T E M  ---------------

OS:Korora release 25 (Gurgle)

uname:Linux 4.9.3-200.fc25.x86_64 #1 SMP Fri Jan 13 01:01:13 UTC 2017 x86_64
libc:glibc 2.24 NPTL 2.24 
rlimit: STACK 8192k, CORE 0k, NPROC 46951, NOFILE 4096, AS infinity
load average:1.27 0.97 1.09

/proc/meminfo:
MemTotal:       12043268 kB
MemFree:          440496 kB
MemAvailable:    5755436 kB
Buffers:          972460 kB
Cached:          5098632 kB
SwapCached:            0 kB
Active:          6861456 kB
Inactive:        3722772 kB
Active(anon):    4597000 kB
Inactive(anon):  1040120 kB
Active(file):    2264456 kB
Inactive(file):  2682652 kB
Unevictable:         228 kB
Mlocked:             228 kB
SwapTotal:             0 kB
SwapFree:              0 kB
Dirty:               740 kB
Writeback:             0 kB
AnonPages:       4513424 kB
Mapped:          1081424 kB
Shmem:           1124000 kB
Slab:             835952 kB
SReclaimable:     688928 kB
SUnreclaim:       147024 kB
KernelStack:       14048 kB
PageTables:        63844 kB
NFS_Unstable:          0 kB
Bounce:                0 kB
WritebackTmp:          0 kB
CommitLimit:     6021632 kB
Committed_AS:   12738844 kB
VmallocTotal:   34359738367 kB
VmallocUsed:           0 kB
VmallocChunk:          0 kB
HardwareCorrupted:     0 kB
AnonHugePages:         0 kB
ShmemHugePages:        0 kB
ShmemPmdMapped:        0 kB
CmaTotal:              0 kB
CmaFree:               0 kB
HugePages_Total:       0
HugePages_Free:        0
HugePages_Rsvd:        0
HugePages_Surp:        0
Hugepagesize:       2048 kB
DirectMap4k:      325128 kB
DirectMap2M:    11995136 kB
DirectMap1G:           0 kB


CPU:total 4 (2 cores per cpu, 2 threads per core) family 6 model 60 stepping 3, cmov, cx8, fxsr, mmx, sse, sse2, sse3, ssse3, sse4.1, sse4.2, popcnt, avx, avx2, aes, clmul, erms, lzcnt, ht, tsc, tscinvbit, bmi1, bmi2

/proc/cpuinfo:
processor	: 0
vendor_id	: GenuineIntel
cpu family	: 6
model		: 60
model name	: Intel(R) Core(TM) i5-4200M CPU @ 2.50GHz
stepping	: 3
microcode	: 0x20
cpu MHz		: 2716.827
cache size	: 3072 KB
physical id	: 0
siblings	: 4
core id		: 0
cpu cores	: 2
apicid		: 0
initial apicid	: 0
fpu		: yes
fpu_exception	: yes
cpuid level	: 13
wp		: yes
flags		: fpu vme de pse tsc msr pae mce cx8 apic sep mtrr pge mca cmov pat pse36 clflush dts acpi mmx fxsr sse sse2 ss ht tm pbe syscall nx pdpe1gb rdtscp lm constant_tsc arch_perfmon pebs bts rep_good nopl xtopology nonstop_tsc aperfmperf eagerfpu pni pclmulqdq dtes64 monitor ds_cpl vmx est tm2 ssse3 sdbg fma cx16 xtpr pdcm pcid sse4_1 sse4_2 movbe popcnt tsc_deadline_timer aes xsave avx f16c rdrand lahf_lm abm epb tpr_shadow vnmi flexpriority ept vpid fsgsbase tsc_adjust bmi1 avx2 smep bmi2 erms invpcid xsaveopt dtherm ida arat pln pts
bugs		:
bogomips	: 4988.03
clflush size	: 64
cache_alignment	: 64
address sizes	: 39 bits physical, 48 bits virtual
power management:

processor	: 1
vendor_id	: GenuineIntel
cpu family	: 6
model		: 60
model name	: Intel(R) Core(TM) i5-4200M CPU @ 2.50GHz
stepping	: 3
microcode	: 0x20
cpu MHz		: 2711.181
cache size	: 3072 KB
physical id	: 0
siblings	: 4
core id		: 0
cpu cores	: 2
apicid		: 1
initial apicid	: 1
fpu		: yes
fpu_exception	: yes
cpuid level	: 13
wp		: yes
flags		: fpu vme de pse tsc msr pae mce cx8 apic sep mtrr pge mca cmov pat pse36 clflush dts acpi mmx fxsr sse sse2 ss ht tm pbe syscall nx pdpe1gb rdtscp lm constant_tsc arch_perfmon pebs bts rep_good nopl xtopology nonstop_tsc aperfmperf eagerfpu pni pclmulqdq dtes64 monitor ds_cpl vmx est tm2 ssse3 sdbg fma cx16 xtpr pdcm pcid sse4_1 sse4_2 movbe popcnt tsc_deadline_timer aes xsave avx f16c rdrand lahf_lm abm epb tpr_shadow vnmi flexpriority ept vpid fsgsbase tsc_adjust bmi1 avx2 smep bmi2 erms invpcid xsaveopt dtherm ida arat pln pts
bugs		:
bogomips	: 4993.86
clflush size	: 64
cache_alignment	: 64
address sizes	: 39 bits physical, 48 bits virtual
power management:

processor	: 2
vendor_id	: GenuineIntel
cpu family	: 6
model		: 60
model name	: Intel(R) Core(TM) i5-4200M CPU @ 2.50GHz
stepping	: 3
microcode	: 0x20
cpu MHz		: 2735.290
cache size	: 3072 KB
physical id	: 0
siblings	: 4
core id		: 1
cpu cores	: 2
apicid		: 2
initial apicid	: 2
fpu		: yes
fpu_exception	: yes
cpuid level	: 13
wp		: yes
flags		: fpu vme de pse tsc msr pae mce cx8 apic sep mtrr pge mca cmov pat pse36 clflush dts acpi mmx fxsr sse sse2 ss ht tm pbe syscall nx pdpe1gb rdtscp lm constant_tsc arch_perfmon pebs bts rep_good nopl xtopology nonstop_tsc aperfmperf eagerfpu pni pclmulqdq dtes64 monitor ds_cpl vmx est tm2 ssse3 sdbg fma cx16 xtpr pdcm pcid sse4_1 sse4_2 movbe popcnt tsc_deadline_timer aes xsave avx f16c rdrand lahf_lm abm epb tpr_shadow vnmi flexpriority ept vpid fsgsbase tsc_adjust bmi1 avx2 smep bmi2 erms invpcid xsaveopt dtherm ida arat pln pts
bugs		:
bogomips	: 4991.86
clflush size	: 64
cache_alignment	: 64
address sizes	: 39 bits physical, 48 bits virtual
power management:

processor	: 3
vendor_id	: GenuineIntel
cpu family	: 6
model		: 60
model name	: Intel(R) Core(TM) i5-4200M CPU @ 2.50GHz
stepping	: 3
microcode	: 0x20
cpu MHz		: 2799.835
cache size	: 3072 KB
physical id	: 0
siblings	: 4
core id		: 1
cpu cores	: 2
apicid		: 3
initial apicid	: 3
fpu		: yes
fpu_exception	: yes
cpuid level	: 13
wp		: yes
flags		: fpu vme de pse tsc msr pae mce cx8 apic sep mtrr pge mca cmov pat pse36 clflush dts acpi mmx fxsr sse sse2 ss ht tm pbe syscall nx pdpe1gb rdtscp lm constant_tsc arch_perfmon pebs bts rep_good nopl xtopology nonstop_tsc aperfmperf eagerfpu pni pclmulqdq dtes64 monitor ds_cpl vmx est tm2 ssse3 sdbg fma cx16 xtpr pdcm pcid sse4_1 sse4_2 movbe popcnt tsc_deadline_timer aes xsave avx f16c rdrand lahf_lm abm epb tpr_shadow vnmi flexpriority ept vpid fsgsbase tsc_adjust bmi1 avx2 smep bmi2 erms invpcid xsaveopt dtherm ida arat pln pts
bugs		:
bogomips	: 4991.92
clflush size	: 64
cache_alignment	: 64
address sizes	: 39 bits physical, 48 bits virtual
power management:



Memory: 4k page, physical 12043268k(440000k free), swap 0k(0k free)

vm_info: Java HotSpot(TM) 64-Bit Server VM (25.101-b13) for linux-amd64 JRE (1.8.0_101-b13), built on Jun 22 2016 02:59:44 by "java_re" with gcc 4.3.0 20080428 (Red Hat 4.3.0-8)

time: Tue Jan 17 09:37:17 2017
elapsed time: 414 seconds (0d 0h 6m 54s)

